<!DOCTYPE html>
<html>
<head>
    <title>Unittest Results</title>
    <meta charset="utf-8">
    <meta name="viewport" content="width=device-width, initial-scale=1.0">
    <link rel="stylesheet" href="https://maxcdn.bootstrapcdn.com/bootstrap/3.3.6/css/bootstrap.min.css" integrity="sha384-1q8mTJOASx8j1Au+a5WDVnPi2lkFfwwEAa8hDDdjZlpLegxhjVME1fgjWPGmkzs7" crossorigin="anonymous">
</head>
<body>
    <div class="container">
        <div class="row">
            <div class="col-xs-12">
                <h2 class="text-capitalize">Unittest Results</h2>
                <p class='attribute'><strong>Start Time: </strong>2023-01-26 18:34:44</p>
                <p class='attribute'><strong>Duration: </strong>25.74 s</p>
                <p class='attribute'><strong>Summary: </strong>Total: 1, Pass: 0, Error: 1</p>
            </div>
        </div>
        <div class="row">
            <div class="col-xs-12 col-sm-10 col-md-10">
                <table class='table table-hover table-responsive'>
                    <thead>
                        <tr>
                            <th>__main__.SearchForProductTest</th>
                            <th>Status</th>
                            <th></th>
                        </tr>
                    </thead>
                    <tbody>
                        <tr class='warning'>
                            <td class="col-xs-10">test_search_for_product</td>
                            <td class="col-xs-1">
                                <span class="label label-warning" style="display:block;width:40px;">Error</span>
                            </td>
                            <td class="col-xs-1">
                                <button class="btn btn-default btn-xs">View</button>
                            </td>
                        </tr>
                        <tr style="display:none;">
                            <td class="col-xs-9" colspan="3"><p style="color:maroon;">TimeoutException: Message: 
Stacktrace:
Backtrace:
	(No symbol) [0x01046643]
	(No symbol) [0x00FDBE21]
	(No symbol) [0x00EDDA9D]
	(No symbol) [0x00F11342]
	(No symbol) [0x00F1147B]
	(No symbol) [0x00F48DC2]
	(No symbol) [0x00F2FDC4]
	(No symbol) [0x00F46B09]
	(No symbol) [0x00F2FB76]
	(No symbol) [0x00F049C1]
	(No symbol) [0x00F05E5D]
	GetHandleVerifier [0x012BA142+2497106]
	GetHandleVerifier [0x012E85D3+2686691]
	GetHandleVerifier [0x012EBB9C+2700460]
	GetHandleVerifier [0x010F3B10+635936]
	(No symbol) [0x00FE4A1F]
	(No symbol) [0x00FEA418]
	(No symbol) [0x00FEA505]
	(No symbol) [0x00FF508B]
	BaseThreadInitThunk [0x75967D69+25]
	RtlInitializeExceptionChain [0x7748BB9B+107]
	RtlClearBits [0x7748BB1F+191]
</p><p style="color:maroon;">Traceback (most recent call last):
  File "c:\Work\Python\virtual env\Tchibo\task1\task1_venv\Tests\app.py", line 25, in test_search_for_product
    homepage.assert_searched_product()
  File "C:\Work\Python\virtual env\Tchibo\task1\task1_venv\Pages\homePage.py", line 29, in assert_searched_product
    WebDriverWait(self.driver, 10).until(EC.visibility_of_element_located((By.XPATH, self.yogamatte_tittle_xpath)))
  File "C:\Work\Python\virtual env\Tchibo\task1\task1_venv\Lib\site-packages\selenium\webdriver\support\wait.py", line 95, in until
    raise TimeoutException(message, screen, stacktrace)
selenium.common.exceptions.TimeoutException: Message: 
Stacktrace:
Backtrace:
	(No symbol) [0x01046643]
	(No symbol) [0x00FDBE21]
	(No symbol) [0x00EDDA9D]
	(No symbol) [0x00F11342]
	(No symbol) [0x00F1147B]
	(No symbol) [0x00F48DC2]
	(No symbol) [0x00F2FDC4]
	(No symbol) [0x00F46B09]
	(No symbol) [0x00F2FB76]
	(No symbol) [0x00F049C1]
	(No symbol) [0x00F05E5D]
	GetHandleVerifier [0x012BA142+2497106]
	GetHandleVerifier [0x012E85D3+2686691]
	GetHandleVerifier [0x012EBB9C+2700460]
	GetHandleVerifier [0x010F3B10+635936]
	(No symbol) [0x00FE4A1F]
	(No symbol) [0x00FEA418]
	(No symbol) [0x00FEA505]
	(No symbol) [0x00FF508B]
	BaseThreadInitThunk [0x75967D69+25]
	RtlInitializeExceptionChain [0x7748BB9B+107]
	RtlClearBits [0x7748BB1F+191]

</p>
                            </td>
                        </tr>
                        <tr>
                            <td colspan="3">
                                Total: 1, Pass: 0, Error: 1 -- Duration: 25.74 s
                            </td>
                        </tr>
                    </tbody>
                </table>
            </div>
        </div>
    </div>
    <script src="https://ajax.googleapis.com/ajax/libs/jquery/2.2.4/jquery.min.js"></script>
    <script type="text/javascript">
        $(document).ready(function(){
            $('td').on('click', '.btn', function(e){
                e.preventDefault();
                e.stopImmediatePropagation();
                var $this = $(this);
                var $nextRow = $this.closest('tr').next('tr');
                $nextRow.slideToggle("fast");
                $this.text(function(i, text){
                    if (text === 'View') {
                        return 'Hide';
                    } else {
                        return 'View';
                    };
                });
            });
        });
    </script>
</body>
</html